::1 - - [24/Feb/2024:18:13:09 +0100] "GET /index.php HTTP/1.1" 200 12045
::1 - - [24/Feb/2024:18:13:09 +0100] "GET /style_principal.css HTTP/1.1" 304 -
127.0.0.1 - - [24/Feb/2024:18:13:09 +0100] "GET /medias/apercu/suzanne_blin.jpg HTTP/1.1" 304 -
127.0.0.1 - - [24/Feb/2024:18:13:09 +0100] "GET /medias/apercu/rene_ghislain_ruelle.jpg HTTP/1.1" 304 -
127.0.0.1 - - [24/Feb/2024:18:13:09 +0100] "GET /medias/apercu/maison_des_enfants_trelon.jpg HTTP/1.1" 304 -
127.0.0.1 - - [24/Feb/2024:18:13:09 +0100] "GET /medias/apercu/etienne_becart.jpg HTTP/1.1" 304 -
::1 - - [24/Feb/2024:18:13:09 +0100] "GET /medias/apercu/voix_du_nord.jpg HTTP/1.1" 304 -
::1 - - [24/Feb/2024:18:13:09 +0100] "GET /script_principal.js HTTP/1.1" 304 -
::1 - - [24/Feb/2024:18:13:09 +0100] "GET /medias/apercu/louise_thuliez.jpg HTTP/1.1" 404 230
::1 - - [24/Feb/2024:18:13:09 +0100] "GET /medias/apercu/marcel_fourmanoy.jpg HTTP/1.1" 404 232
::1 - - [24/Feb/2024:18:13:09 +0100] "GET /medias/apercu/felicien_joly.jpg HTTP/1.1" 304 -
::1 - - [24/Feb/2024:18:13:09 +0100] "GET /medias/apercu/albert_meresse.jpg HTTP/1.1" 304 -
127.0.0.1 - - [24/Feb/2024:18:13:09 +0100] "GET /medias/apercu/marcel_bavay.jpg HTTP/1.1" 404 228
::1 - - [24/Feb/2024:18:13:09 +0100] "GET /medias/apercu/jean_paul_chabloz.jpg HTTP/1.1" 304 -
::1 - - [24/Feb/2024:18:13:09 +0100] "GET /medias/apercu/marcel_pinte.jpg HTTP/1.1" 304 -
::1 - - [24/Feb/2024:18:13:11 +0100] "GET /favicon.ico HTTP/1.1" 404 209
::1 - - [24/Feb/2024:18:13:16 +0100] "GET /base.php?page=maison_des_enfants_trelon HTTP/1.1" 200 3039
::1 - - [24/Feb/2024:18:13:16 +0100] "GET /fichiers_externes/fichiers_carte/style_carte.css HTTP/1.1" 200 212
::1 - - [24/Feb/2024:18:13:16 +0100] "GET /fichiers_externes/fichiers_barre_outils/style_barre_outils.css HTTP/1.1" 200 250
::1 - - [24/Feb/2024:18:13:16 +0100] "GET /fichiers_externes/fichiers_bureau/style_bureau.css HTTP/1.1" 200 4141
::1 - - [24/Feb/2024:18:13:16 +0100] "GET /fichiers_externes/fichiers_carte/script_carte.js HTTP/1.1" 200 2074
::1 - - [24/Feb/2024:18:13:16 +0100] "GET /fichiers_externes/fichiers_barre_outils/script_barre_outils.js HTTP/1.1" 200 949
::1 - - [24/Feb/2024:18:13:16 +0100] "GET /fichiers_externes/fichiers_bureau/script_bureau.js HTTP/1.1" 200 3283
::1 - - [24/Feb/2024:18:13:17 +0100] "GET /medias/bureau/cafe.png HTTP/1.1" 200 130542
::1 - - [24/Feb/2024:18:13:17 +0100] "GET /medias/bureau/bureau.jpg HTTP/1.1" 200 4895
::1 - - [24/Feb/2024:18:13:17 +0100] "POST /fichiers_externes/lecture.php HTTP/1.1" 200 64
::1 - - [24/Feb/2024:18:13:17 +0100] "GET /medias/musique.mp3 HTTP/1.1" 404 216
::1 - - [24/Feb/2024:18:13:17 +0100] "GET /medias/bureau/cachet_document_officiel.png HTTP/1.1" 200 30220
::1 - - [24/Feb/2024:18:31:27 +0100] "GET /base.php?page=maison_des_enfants_trelon HTTP/1.1" 200 1193
::1 - - [24/Feb/2024:18:31:29 +0100] "GET /base.php?page=maison_des_enfants_trelon HTTP/1.1" 200 1193
::1 - - [24/Feb/2024:18:31:29 +0100] "GET /base.php?page=maison_des_enfants_trelon HTTP/1.1" 200 1193
::1 - - [24/Feb/2024:18:31:29 +0100] "GET /base.php?page=maison_des_enfants_trelon HTTP/1.1" 200 1193
::1 - - [24/Feb/2024:18:31:30 +0100] "GET /base.php?page=maison_des_enfants_trelon HTTP/1.1" 200 1193
::1 - - [24/Feb/2024:18:34:30 +0100] "GET /base.php?page=maison_des_enfants_trelon HTTP/1.1" 200 3037
::1 - - [24/Feb/2024:18:34:30 +0100] "POST /fichiers_externes/lecture.php HTTP/1.1" 200 62
::1 - - [24/Feb/2024:18:34:30 +0100] "GET /medias/musique.mp3 HTTP/1.1" 404 216
::1 - - [24/Feb/2024:18:34:38 +0100] "GET /base.php?page=maison_des_enfants_trelon HTTP/1.1" 200 3037
::1 - - [24/Feb/2024:18:34:38 +0100] "GET /medias/musique.mp3 HTTP/1.1" 404 216
::1 - - [24/Feb/2024:18:34:38 +0100] "POST /fichiers_externes/lecture.php HTTP/1.1" 200 62
