[Sat Feb 24 18:13:09 2024] [notice] Apache/2.2.21 (Win32) PHP/5.3.9 configured -- resuming normal operations
[Sat Feb 24 18:13:09 2024] [notice] Server built: Sep 10 2011 11:34:11
[Sat Feb 24 18:13:09 2024] [notice] Parent: Created child process 18936
[Sat Feb 24 18:13:09 2024] [notice] Child 18936: Child process is running
[Sat Feb 24 18:13:09 2024] [notice] Child 18936: Acquired the start mutex.
[Sat Feb 24 18:13:09 2024] [notice] Child 18936: Starting 64 worker threads.
[Sat Feb 24 18:13:09 2024] [notice] Child 18936: Starting thread to listen on port 8080.
[Sat Feb 24 18:13:09 2024] [notice] Child 18936: Starting thread to listen on port 8080.
[Sat Feb 24 18:13:09 2024] [error] [client ::1] File does not exist: C:/Users/33770/Desktop/lycee/test_ruby/USBWebserver v8.5/8.5/root/site/medias/apercu/louise_thuliez.jpg, referer: http://www.localhost:8080/index.php
[Sat Feb 24 18:13:09 2024] [error] [client ::1] File does not exist: C:/Users/33770/Desktop/lycee/test_ruby/USBWebserver v8.5/8.5/root/site/medias/apercu/marcel_fourmanoy.jpg, referer: http://www.localhost:8080/index.php
[Sat Feb 24 18:13:09 2024] [error] [client 127.0.0.1] File does not exist: C:/Users/33770/Desktop/lycee/test_ruby/USBWebserver v8.5/8.5/root/site/medias/apercu/marcel_bavay.jpg, referer: http://www.localhost:8080/index.php
[Sat Feb 24 18:13:11 2024] [error] [client ::1] File does not exist: C:/Users/33770/Desktop/lycee/test_ruby/USBWebserver v8.5/8.5/root/site/favicon.ico, referer: http://www.localhost:8080/index.php
[Sat Feb 24 18:13:17 2024] [error] [client ::1] File does not exist: C:/Users/33770/Desktop/lycee/test_ruby/USBWebserver v8.5/8.5/root/site/medias/musique.mp3, referer: http://www.localhost:8080/base.php?page=maison_des_enfants_trelon
[Sat Feb 24 18:31:27 2024] [error] [client ::1] PHP Notice:  Undefined variable: serveur in C:\\Users\\33770\\Desktop\\lycee\\test_ruby\\USBWebserver v8.5\\8.5\\root\\site\\fichiers_externes\\lecture.php on line 30, referer: http://www.localhost:8080/index.php
[Sat Feb 24 18:31:27 2024] [error] [client ::1] PHP Notice:  Undefined variable: utilisateur in C:\\Users\\33770\\Desktop\\lycee\\test_ruby\\USBWebserver v8.5\\8.5\\root\\site\\fichiers_externes\\lecture.php on line 30, referer: http://www.localhost:8080/index.php
[Sat Feb 24 18:31:27 2024] [error] [client ::1] PHP Notice:  Undefined variable: mot_de_passe in C:\\Users\\33770\\Desktop\\lycee\\test_ruby\\USBWebserver v8.5\\8.5\\root\\site\\fichiers_externes\\lecture.php on line 30, referer: http://www.localhost:8080/index.php
[Sat Feb 24 18:31:27 2024] [error] [client ::1] PHP Warning:  mysqli_connect() [<a href='function.mysqli-connect'>function.mysqli-connect</a>]: (42000/1044): Access denied for user ''@'localhost' to database 'villes' in C:\\Users\\33770\\Desktop\\lycee\\test_ruby\\USBWebserver v8.5\\8.5\\root\\site\\fichiers_externes\\lecture.php on line 30, referer: http://www.localhost:8080/index.php
[Sat Feb 24 18:31:27 2024] [error] [client ::1] PHP Warning:  mysqli_set_charset() expects parameter 1 to be mysqli, boolean given in C:\\Users\\33770\\Desktop\\lycee\\test_ruby\\USBWebserver v8.5\\8.5\\root\\site\\fichiers_externes\\lecture.php on line 32, referer: http://www.localhost:8080/index.php
[Sat Feb 24 18:31:29 2024] [error] [client ::1] PHP Notice:  Undefined variable: serveur in C:\\Users\\33770\\Desktop\\lycee\\test_ruby\\USBWebserver v8.5\\8.5\\root\\site\\fichiers_externes\\lecture.php on line 30, referer: http://www.localhost:8080/index.php
[Sat Feb 24 18:31:29 2024] [error] [client ::1] PHP Notice:  Undefined variable: utilisateur in C:\\Users\\33770\\Desktop\\lycee\\test_ruby\\USBWebserver v8.5\\8.5\\root\\site\\fichiers_externes\\lecture.php on line 30, referer: http://www.localhost:8080/index.php
[Sat Feb 24 18:31:29 2024] [error] [client ::1] PHP Notice:  Undefined variable: mot_de_passe in C:\\Users\\33770\\Desktop\\lycee\\test_ruby\\USBWebserver v8.5\\8.5\\root\\site\\fichiers_externes\\lecture.php on line 30, referer: http://www.localhost:8080/index.php
[Sat Feb 24 18:31:29 2024] [error] [client ::1] PHP Warning:  mysqli_connect() [<a href='function.mysqli-connect'>function.mysqli-connect</a>]: (42000/1044): Access denied for user ''@'localhost' to database 'villes' in C:\\Users\\33770\\Desktop\\lycee\\test_ruby\\USBWebserver v8.5\\8.5\\root\\site\\fichiers_externes\\lecture.php on line 30, referer: http://www.localhost:8080/index.php
[Sat Feb 24 18:31:29 2024] [error] [client ::1] PHP Warning:  mysqli_set_charset() expects parameter 1 to be mysqli, boolean given in C:\\Users\\33770\\Desktop\\lycee\\test_ruby\\USBWebserver v8.5\\8.5\\root\\site\\fichiers_externes\\lecture.php on line 32, referer: http://www.localhost:8080/index.php
[Sat Feb 24 18:31:29 2024] [error] [client ::1] PHP Notice:  Undefined variable: serveur in C:\\Users\\33770\\Desktop\\lycee\\test_ruby\\USBWebserver v8.5\\8.5\\root\\site\\fichiers_externes\\lecture.php on line 30, referer: http://www.localhost:8080/index.php
[Sat Feb 24 18:31:29 2024] [error] [client ::1] PHP Notice:  Undefined variable: utilisateur in C:\\Users\\33770\\Desktop\\lycee\\test_ruby\\USBWebserver v8.5\\8.5\\root\\site\\fichiers_externes\\lecture.php on line 30, referer: http://www.localhost:8080/index.php
[Sat Feb 24 18:31:29 2024] [error] [client ::1] PHP Notice:  Undefined variable: mot_de_passe in C:\\Users\\33770\\Desktop\\lycee\\test_ruby\\USBWebserver v8.5\\8.5\\root\\site\\fichiers_externes\\lecture.php on line 30, referer: http://www.localhost:8080/index.php
[Sat Feb 24 18:31:29 2024] [error] [client ::1] PHP Warning:  mysqli_connect() [<a href='function.mysqli-connect'>function.mysqli-connect</a>]: (42000/1044): Access denied for user ''@'localhost' to database 'villes' in C:\\Users\\33770\\Desktop\\lycee\\test_ruby\\USBWebserver v8.5\\8.5\\root\\site\\fichiers_externes\\lecture.php on line 30, referer: http://www.localhost:8080/index.php
[Sat Feb 24 18:31:29 2024] [error] [client ::1] PHP Warning:  mysqli_set_charset() expects parameter 1 to be mysqli, boolean given in C:\\Users\\33770\\Desktop\\lycee\\test_ruby\\USBWebserver v8.5\\8.5\\root\\site\\fichiers_externes\\lecture.php on line 32, referer: http://www.localhost:8080/index.php
[Sat Feb 24 18:31:29 2024] [error] [client ::1] PHP Notice:  Undefined variable: serveur in C:\\Users\\33770\\Desktop\\lycee\\test_ruby\\USBWebserver v8.5\\8.5\\root\\site\\fichiers_externes\\lecture.php on line 30, referer: http://www.localhost:8080/index.php
[Sat Feb 24 18:31:29 2024] [error] [client ::1] PHP Notice:  Undefined variable: utilisateur in C:\\Users\\33770\\Desktop\\lycee\\test_ruby\\USBWebserver v8.5\\8.5\\root\\site\\fichiers_externes\\lecture.php on line 30, referer: http://www.localhost:8080/index.php
[Sat Feb 24 18:31:29 2024] [error] [client ::1] PHP Notice:  Undefined variable: mot_de_passe in C:\\Users\\33770\\Desktop\\lycee\\test_ruby\\USBWebserver v8.5\\8.5\\root\\site\\fichiers_externes\\lecture.php on line 30, referer: http://www.localhost:8080/index.php
[Sat Feb 24 18:31:29 2024] [error] [client ::1] PHP Warning:  mysqli_connect() [<a href='function.mysqli-connect'>function.mysqli-connect</a>]: (42000/1044): Access denied for user ''@'localhost' to database 'villes' in C:\\Users\\33770\\Desktop\\lycee\\test_ruby\\USBWebserver v8.5\\8.5\\root\\site\\fichiers_externes\\lecture.php on line 30, referer: http://www.localhost:8080/index.php
[Sat Feb 24 18:31:29 2024] [error] [client ::1] PHP Warning:  mysqli_set_charset() expects parameter 1 to be mysqli, boolean given in C:\\Users\\33770\\Desktop\\lycee\\test_ruby\\USBWebserver v8.5\\8.5\\root\\site\\fichiers_externes\\lecture.php on line 32, referer: http://www.localhost:8080/index.php
[Sat Feb 24 18:31:30 2024] [error] [client ::1] PHP Notice:  Undefined variable: serveur in C:\\Users\\33770\\Desktop\\lycee\\test_ruby\\USBWebserver v8.5\\8.5\\root\\site\\fichiers_externes\\lecture.php on line 30, referer: http://www.localhost:8080/index.php
[Sat Feb 24 18:31:30 2024] [error] [client ::1] PHP Notice:  Undefined variable: utilisateur in C:\\Users\\33770\\Desktop\\lycee\\test_ruby\\USBWebserver v8.5\\8.5\\root\\site\\fichiers_externes\\lecture.php on line 30, referer: http://www.localhost:8080/index.php
[Sat Feb 24 18:31:30 2024] [error] [client ::1] PHP Notice:  Undefined variable: mot_de_passe in C:\\Users\\33770\\Desktop\\lycee\\test_ruby\\USBWebserver v8.5\\8.5\\root\\site\\fichiers_externes\\lecture.php on line 30, referer: http://www.localhost:8080/index.php
[Sat Feb 24 18:31:30 2024] [error] [client ::1] PHP Warning:  mysqli_connect() [<a href='function.mysqli-connect'>function.mysqli-connect</a>]: (42000/1044): Access denied for user ''@'localhost' to database 'villes' in C:\\Users\\33770\\Desktop\\lycee\\test_ruby\\USBWebserver v8.5\\8.5\\root\\site\\fichiers_externes\\lecture.php on line 30, referer: http://www.localhost:8080/index.php
[Sat Feb 24 18:31:30 2024] [error] [client ::1] PHP Warning:  mysqli_set_charset() expects parameter 1 to be mysqli, boolean given in C:\\Users\\33770\\Desktop\\lycee\\test_ruby\\USBWebserver v8.5\\8.5\\root\\site\\fichiers_externes\\lecture.php on line 32, referer: http://www.localhost:8080/index.php
[Sat Feb 24 18:34:30 2024] [error] [client ::1] File does not exist: C:/Users/33770/Desktop/lycee/test_ruby/USBWebserver v8.5/8.5/root/site/medias/musique.mp3, referer: http://www.localhost:8080/base.php?page=maison_des_enfants_trelon
[Sat Feb 24 18:34:38 2024] [error] [client ::1] File does not exist: C:/Users/33770/Desktop/lycee/test_ruby/USBWebserver v8.5/8.5/root/site/medias/musique.mp3, referer: http://www.localhost:8080/base.php?page=maison_des_enfants_trelon
